  main.cpp
c:\users\landon\source\repos\filetree\rbtree2.h(14): error C3646: 'data': unknown override specifier
c:\users\landon\source\repos\filetree\rbtree2.h(14): error C4430: missing type specifier - int assumed. Note: C++ does not support default-int
c:\users\landon\source\repos\filetree\rbtree2.h(18): error C2460: 'Node::string': uses 'Node', which is being defined
  c:\users\landon\source\repos\filetree\rbtree2.h(13): note: see declaration of 'Node'
c:\users\landon\source\repos\filetree\rbtree2.h(18): error C2178: 'Node::string' cannot be declared with 'explicit' specifier
c:\users\landon\source\repos\filetree\rbtree2.h(37): error C2061: syntax error: identifier 'string'
c:\users\landon\source\repos\filetree\rbtree2.h(41): error C2061: syntax error: identifier 'string'
c:\users\landon\source\repos\filetree\main.cpp(29): error C2660: 'RBTree::insertValue': function does not take 1 arguments
c:\users\landon\source\repos\filetree\main.cpp(30): error C2660: 'RBTree::insertValue': function does not take 1 arguments
c:\users\landon\source\repos\filetree\main.cpp(31): error C2660: 'RBTree::insertValue': function does not take 1 arguments
c:\users\landon\source\repos\filetree\main.cpp(32): error C2660: 'RBTree::insertValue': function does not take 1 arguments
  RBTree2.cpp
c:\users\landon\source\repos\filetree\rbtree2.h(14): error C3646: 'data': unknown override specifier
c:\users\landon\source\repos\filetree\rbtree2.h(14): error C4430: missing type specifier - int assumed. Note: C++ does not support default-int
c:\users\landon\source\repos\filetree\rbtree2.h(18): error C2460: 'Node::string': uses 'Node', which is being defined
  c:\users\landon\source\repos\filetree\rbtree2.h(13): note: see declaration of 'Node'
c:\users\landon\source\repos\filetree\rbtree2.h(18): error C2178: 'Node::string' cannot be declared with 'explicit' specifier
c:\users\landon\source\repos\filetree\rbtree2.h(37): error C2061: syntax error: identifier 'string'
c:\users\landon\source\repos\filetree\rbtree2.h(41): error C2061: syntax error: identifier 'string'
c:\users\landon\source\repos\filetree\rbtree2.cpp(38): error C2039: 'data': is not a member of 'Node'
  c:\users\landon\source\repos\filetree\rbtree2.h(13): note: see declaration of 'Node'
c:\users\landon\source\repos\filetree\rbtree2.cpp(42): error C2039: 'data': is not a member of 'Node'
  c:\users\landon\source\repos\filetree\rbtree2.h(13): note: see declaration of 'Node'
c:\users\landon\source\repos\filetree\rbtree2.cpp(50): error C2511: 'void RBTree::insertValue(std::string)': overloaded member function not found in 'RBTree'
  c:\users\landon\source\repos\filetree\rbtree2.h(22): note: see declaration of 'RBTree'
c:\users\landon\source\repos\filetree\rbtree2.cpp(51): error C2664: 'Node::Node(Node &&)': cannot convert argument 1 from 'std::string' to 'const Node &'
  c:\users\landon\source\repos\filetree\rbtree2.cpp(51): note: Reason: cannot convert from 'std::string' to 'const Node'
  c:\users\landon\source\repos\filetree\rbtree2.cpp(51): note: No user-defined-conversion operator available that can perform this conversion, or the operator cannot be called
c:\users\landon\source\repos\filetree\rbtree2.cpp(52): error C2597: illegal reference to non-static member 'RBTree::root'
c:\users\landon\source\repos\filetree\rbtree2.cpp(53): error C2352: 'RBTree::fixInsertRBTree': illegal call of non-static member function
  c:\users\landon\source\repos\filetree\rbtree2.h(28): note: see declaration of 'RBTree::fixInsertRBTree'
c:\users\landon\source\repos\filetree\rbtree2.cpp(250): error C2511: 'Node *RBTree::deleteBST(Node *&,std::string)': overloaded member function not found in 'RBTree'
  c:\users\landon\source\repos\filetree\rbtree2.h(22): note: see declaration of 'RBTree'
c:\users\landon\source\repos\filetree\rbtree2.cpp(254): error C2039: 'data': is not a member of 'Node'
  c:\users\landon\source\repos\filetree\rbtree2.h(13): note: see declaration of 'Node'
c:\users\landon\source\repos\filetree\rbtree2.cpp(255): error C2660: 'RBTree::deleteBST': function does not take 2 arguments
c:\users\landon\source\repos\filetree\rbtree2.cpp(257): error C2039: 'data': is not a member of 'Node'
  c:\users\landon\source\repos\filetree\rbtree2.h(13): note: see declaration of 'Node'
c:\users\landon\source\repos\filetree\rbtree2.cpp(258): error C2660: 'RBTree::deleteBST': function does not take 2 arguments
c:\users\landon\source\repos\filetree\rbtree2.cpp(263): error C2352: 'RBTree::minValueNode': illegal call of non-static member function
  c:\users\landon\source\repos\filetree\rbtree2.h(34): note: see declaration of 'RBTree::minValueNode'
c:\users\landon\source\repos\filetree\rbtree2.cpp(264): error C2039: 'data': is not a member of 'Node'
  c:\users\landon\source\repos\filetree\rbtree2.h(13): note: see declaration of 'Node'
c:\users\landon\source\repos\filetree\rbtree2.cpp(265): error C2039: 'data': is not a member of 'Node'
  c:\users\landon\source\repos\filetree\rbtree2.h(13): note: see declaration of 'Node'
c:\users\landon\source\repos\filetree\rbtree2.cpp(265): error C2352: 'RBTree::deleteBST': illegal call of non-static member function
  c:\users\landon\source\repos\filetree\rbtree2.h(37): note: see declaration of 'RBTree::deleteBST'
c:\users\landon\source\repos\filetree\rbtree2.cpp(269): error C2660: 'RBTree::deleteBST': function does not take 2 arguments
c:\users\landon\source\repos\filetree\rbtree2.cpp(278): error C2039: 'data': is not a member of 'Node'
  c:\users\landon\source\repos\filetree\rbtree2.h(13): note: see declaration of 'Node'
c:\users\landon\source\repos\filetree\rbtree2.cpp(290): error C2039: 'data': is not a member of 'Node'
  c:\users\landon\source\repos\filetree\rbtree2.h(13): note: see declaration of 'Node'
c:\users\landon\source\repos\filetree\rbtree2.cpp(343): error C2039: 'data': is not a member of 'Node'
  c:\users\landon\source\repos\filetree\rbtree2.h(13): note: see declaration of 'Node'
c:\users\landon\source\repos\filetree\rbtree2.cpp(344): error C2039: 'data': is not a member of 'Node'
  c:\users\landon\source\repos\filetree\rbtree2.h(13): note: see declaration of 'Node'
c:\users\landon\source\repos\filetree\rbtree2.cpp(349): error C2039: 'data': is not a member of 'Node'
  c:\users\landon\source\repos\filetree\rbtree2.h(13): note: see declaration of 'Node'
c:\users\landon\source\repos\filetree\rbtree2.cpp(350): error C2039: 'data': is not a member of 'Node'
  c:\users\landon\source\repos\filetree\rbtree2.h(13): note: see declaration of 'Node'
c:\users\landon\source\repos\filetree\rbtree2.cpp(355): error C2039: 'data': is not a member of 'Node'
  c:\users\landon\source\repos\filetree\rbtree2.h(13): note: see declaration of 'Node'
c:\users\landon\source\repos\filetree\rbtree2.cpp(356): error C2039: 'data': is not a member of 'Node'
  c:\users\landon\source\repos\filetree\rbtree2.h(13): note: see declaration of 'Node'
c:\users\landon\source\repos\filetree\rbtree2.cpp(359): error C2039: 'data': is not a member of 'Node'
  c:\users\landon\source\repos\filetree\rbtree2.h(13): note: see declaration of 'Node'
c:\users\landon\source\repos\filetree\rbtree2.cpp(359): error C2660: 'RBTree::insertValue': function does not take 1 arguments
c:\users\landon\source\repos\filetree\rbtree2.cpp(362): error C2039: 'data': is not a member of 'Node'
  c:\users\landon\source\repos\filetree\rbtree2.h(13): note: see declaration of 'Node'
c:\users\landon\source\repos\filetree\rbtree2.cpp(363): error C2039: 'data': is not a member of 'Node'
  c:\users\landon\source\repos\filetree\rbtree2.h(13): note: see declaration of 'Node'
c:\users\landon\source\repos\filetree\rbtree2.cpp(376): error C2039: 'data': is not a member of 'Node'
  c:\users\landon\source\repos\filetree\rbtree2.h(13): note: see declaration of 'Node'
c:\users\landon\source\repos\filetree\rbtree2.cpp(404): error C2039: 'data': is not a member of 'Node'
  c:\users\landon\source\repos\filetree\rbtree2.h(13): note: see declaration of 'Node'
c:\users\landon\source\repos\filetree\rbtree2.cpp(425): error C2039: 'data': is not a member of 'Node'
  c:\users\landon\source\repos\filetree\rbtree2.h(13): note: see declaration of 'Node'
  Generating Code...
